1708885371311:init
1708885375433:read
1708887566024:add Vladimir Kaverya 20
1708887584676:delete 0
1708887588139:delete 1
1708887595642:delete 290]
1708887600558:delete 23
1708888053788:add
1708888070469:add Kav Vo 20
1708888073682:delete 0
1708888076621:delete23
1708888080182:delete 23
1708888086888:delete -1212
1708888105139:delete 212
1708888615087:delete12
1708888617759:delete 23
1708888623410:add sd s 12
1708888627550:delete 0
1708888629874:delete 1
1708889037676:add dsd sd 12
1708889044730:add 12 ds 12
1708889048098:show
1708889071664:add vov q 12
1708889075873:add cv a 2
1708889078613:show
